<?xml version="1.0" encoding="UTF-8"?>
<!-- Generated by org.testng.reporters.JUnitReportReporter -->
<testsuite skipped="0" hostname="LPT-E580-LPT77" name="testSuite.RegressionSuite" tests="2" failures="0" timestamp="2021-02-25T15:53:02 IST" time="237.141" errors="0">
  <testcase name="Retry" time="163.011" classname="testSuite.RegressionSuite"/>
  <system-out/>
  <testcase name="VerifyProvider" time="74.130" classname="testSuite.RegressionSuite"/>
  <system-out/>
</testsuite> <!-- testSuite.RegressionSuite -->
