<?xml version="1.0" encoding="UTF-8"?>
<!-- Generated by org.testng.reporters.JUnitReportReporter -->
<testsuite skipped="0" hostname="LPT-E580-LPT77" name="testSuite.Regression_Suite" tests="1" failures="0" timestamp="2021-03-05T16:29:02 IST" time="473.447" errors="0">
  <testcase name="VS_GM_01" time="473.447" classname="testSuite.Regression_Suite"/>
  <system-out/>
</testsuite> <!-- testSuite.Regression_Suite -->
