<?xml version="1.0" encoding="UTF-8"?>
<!-- Generated by org.testng.reporters.JUnitReportReporter -->
<testsuite skipped="1" hostname="LPT-E580-LPT77" name="testSuite.Bolt" tests="2" failures="0" timestamp="2021-06-09T14:33:25 IST" time="9.130" errors="0">
  <testcase name="Bolt_Excel" time="9.130" classname="testSuite.Bolt"/>
  <system-out/>
  <testcase name="Bolt_SG_01" classname="testSuite.Bolt">
    <skipped/>
  </testcase> <!-- Bolt_SG_01 -->
  <system-out/>
</testsuite> <!-- testSuite.Bolt -->
