<?xml version="1.0" encoding="UTF-8"?>
<!-- Generated by org.testng.reporters.JUnitReportReporter -->
<testsuite skipped="1" hostname="LPT-E580-LPT77" name="testSuite.Verity" tests="2" failures="0" timestamp="2021-09-03T12:43:11 IST" time="360.994" errors="0">
  <testcase name="Verity_SG_02" time="360.994" classname="testSuite.Verity"/>
  <system-out/>
  <testcase name="Verity_SG_10" classname="testSuite.Verity">
    <skipped/>
  </testcase> <!-- Verity_SG_10 -->
  <system-out/>
</testsuite> <!-- testSuite.Verity -->
