<?xml version="1.0" encoding="UTF-8"?>
<!-- Generated by org.testng.reporters.JUnitReportReporter -->
<testsuite skipped="6" hostname="LPT-E580-LPT77" name="testSuite.Bolt" tests="7" failures="0" timestamp="2021-09-03T16:17:16 IST" time="880.982" errors="0">
  <testcase name="Bolt_SG_06" time="880.982" classname="testSuite.Bolt"/>
  <system-out/>
  <testcase name="Bolt_SG_11" classname="testSuite.Bolt">
    <skipped/>
  </testcase> <!-- Bolt_SG_11 -->
  <system-out/>
  <testcase name="Bolt_SG_21" classname="testSuite.Bolt">
    <skipped/>
  </testcase> <!-- Bolt_SG_21 -->
  <system-out/>
  <testcase name="Bolt_SG_10" classname="testSuite.Bolt">
    <skipped/>
  </testcase> <!-- Bolt_SG_10 -->
  <system-out/>
  <testcase name="Bolt_SG_01" classname="testSuite.Bolt">
    <skipped/>
  </testcase> <!-- Bolt_SG_01 -->
  <system-out/>
  <testcase name="Bolt_SG_20" classname="testSuite.Bolt">
    <skipped/>
  </testcase> <!-- Bolt_SG_20 -->
  <system-out/>
  <testcase name="Bolt_SG_19" classname="testSuite.Bolt">
    <skipped/>
  </testcase> <!-- Bolt_SG_19 -->
  <system-out/>
</testsuite> <!-- testSuite.Bolt -->
