<?xml version="1.0" encoding="UTF-8"?>
<!-- Generated by org.testng.reporters.JUnitReportReporter -->
<testsuite skipped="0" hostname="LPT-E580-LPT77" name="testSuite.Functional" tests="2" failures="0" timestamp="2021-03-29T12:29:05 IST" time="1.096" errors="0">
  <testcase name="Test01" time="0.374" classname="testSuite.Functional"/>
  <system-out/>
  <testcase name="Test02" time="0.722" classname="testSuite.Functional"/>
  <system-out/>
</testsuite> <!-- testSuite.Functional -->
