<?xml version="1.0" encoding="UTF-8"?>
<!-- Generated by org.testng.reporters.JUnitReportReporter -->
<testsuite skipped="1" hostname="LPT-E580-LPT77" name="testSuite.Verity" tests="2" failures="0" timestamp="2021-06-07T11:22:59 IST" time="143.182" errors="0">
  <testcase name="Hub_SG_01" time="143.182" classname="testSuite.Verity"/>
  <system-out/>
  <testcase name="Verity_SG_09" classname="testSuite.Verity">
    <skipped/>
  </testcase> <!-- Verity_SG_09 -->
  <system-out/>
</testsuite> <!-- testSuite.Verity -->
