<?xml version="1.0" encoding="UTF-8"?>
<!-- Generated by org.testng.reporters.JUnitReportReporter -->
<testsuite skipped="5" hostname="LPT-E580-LPT77" name="testSuite.Bolt" tests="8" failures="0" timestamp="2021-08-27T15:15:42 IST" time="1197.421" errors="0">
  <testcase name="Bolt_SG_03" time="593.169" classname="testSuite.Bolt"/>
  <system-out/>
  <testcase name="Bolt_SG_02" time="302.240" classname="testSuite.Bolt"/>
  <system-out/>
  <testcase name="Bolt_SG_04" time="302.012" classname="testSuite.Bolt"/>
  <system-out/>
  <testcase name="Bolt_SG_11" classname="testSuite.Bolt">
    <skipped/>
  </testcase> <!-- Bolt_SG_11 -->
  <system-out/>
  <testcase name="Bolt_SG_10" classname="testSuite.Bolt">
    <skipped/>
  </testcase> <!-- Bolt_SG_10 -->
  <system-out/>
  <testcase name="Bolt_SG_01" classname="testSuite.Bolt">
    <skipped/>
  </testcase> <!-- Bolt_SG_01 -->
  <system-out/>
  <testcase name="Bolt_SG_19" classname="testSuite.Bolt">
    <skipped/>
  </testcase> <!-- Bolt_SG_19 -->
  <system-out/>
  <testcase name="FindElements" classname="testSuite.Bolt">
    <skipped/>
  </testcase> <!-- FindElements -->
  <system-out/>
</testsuite> <!-- testSuite.Bolt -->
